Exporter version: 2.93.5, Blender version: 2.93.0
========= Conversion from Blender to Babylon.js =========
	Scene settings used :
		Inline textures     :  false
		Material Type       :  PBR
		Positions Precision :  4
		Normals Precision   :  3
		UVs Precision       :  3
		Vert Color Precision:  3
		Mat Weight Precision:  2
		Keep Z-up r-handed  :  no
		Texture directory   :  C:\Users\ashley.chan\Documents\GitHub\BabylonDemo\client\public\meshes\
	Python World class constructor completed
	processing begun of camera (UniversalCamera):  Camera
	processing begun of mesh:  Plane.002
		processing begun of material:  Material.001
		num positions      :  288800
		num normals        :  288800
		num tangents       :  0
		num uvs            :  577600
		num uvs2           :  0
		num colors         :  0
		num triangles      :  111616
	processing begun of light (POINT):  Light
========= Writing of JSON file started =========
	writing mesh:  Plane.002
========= Writing of JSON file completed =========
========= end of processing =========
elapsed time:  0 min, 14.7966 secs
