Exporter version: 3.3.1, Blender version: 3.4.1
========= Conversion from Blender to Babylon.js =========
	Scene settings used :
		Inline textures     :  false
		Material Type       :  PBR
		Positions Precision :  4
		Normals Precision   :  3
		UVs Precision       :  3
		Vert Color Precision:  3
		Mat Weight Precision:  2
		Keep Z-up r-handed  :  no
		Texture directory   :  C:\Users\Antho\OneDrive\Desktop\Cardinal\Skrunkle\cms\blender_models\characters\
	Python World class constructor completed
	WARNING: No active camera has been assigned, or is not in a currently enabled collection
	processing begun of node:  Sketchfab_model
	processing begun of node:  8320d283e544447791cf24bcac6b1fcc.fbx
	processing begun of node:  RootNode
	processing begun of node:  Cube.005
	processing begun of mesh:  Cube.005_Material.012_0
		processing begun of material:  Material.012
		processing begun of material:  Material.002
		processing begun of material:  Skin.001
		processing begun of material:  Material.009
		processing begun of material:  Material.010
		processing begun of material:  Material.011
		processing begun of material:  Material.013
		processing begun of material:  Material.014
		processing begun of multimaterial:  player.Multimaterial#0
		Custom split normals with tangents being used
		num positions      :  6171
		num normals        :  6171
		num tangents       :  24684
		num uvs            :  12342
		num uvs2           :  0
		num colors         :  0
		num triangles      :  3976
========= Writing of JSON file started =========
	writing mesh:  Cube.005_Material.012_0
========= Writing of JSON file completed =========
========= end of processing =========
elapsed time:  0 min, 0.3765 secs
